C:\USERS\LENOVO\DESKTOP\抖音总合\抖音项目\1002观众端\1002观众端\1002观众端\DEBUG\1002观众端.PCH
C:\USERS\LENOVO\DESKTOP\抖音总合\抖音项目\1002观众端\1002观众端\1002观众端\DEBUG\STDAFX.OBJ
C:\USERS\LENOVO\DESKTOP\抖音总合\抖音项目\1002观众端\1002观众端\1002观众端\DEBUG\VC110.PDB
C:\USERS\LENOVO\DESKTOP\抖音总合\抖音项目\1002观众端\1002观众端\1002观众端\DEBUG\AUDIOENCODE.OBJ
C:\USERS\LENOVO\DESKTOP\抖音总合\抖音项目\1002观众端\1002观众端\1002观众端\DEBUG\COLLECTAUDIO.OBJ
C:\USERS\LENOVO\DESKTOP\抖音总合\抖音项目\1002观众端\1002观众端\1002观众端\DEBUG\COLLECTCAMERA.OBJ
C:\USERS\LENOVO\DESKTOP\抖音总合\抖音项目\1002观众端\1002观众端\1002观众端\DEBUG\MYCOLLECTDESKTOP.OBJ
C:\USERS\LENOVO\DESKTOP\抖音总合\抖音项目\1002观众端\1002观众端\1002观众端\DEBUG\MYENCODE.OBJ
C:\USERS\LENOVO\DESKTOP\抖音总合\抖音项目\1002观众端\1002观众端\1002观众端\DEBUG\MYFFMPEG.OBJ
C:\USERS\LENOVO\DESKTOP\抖音总合\抖音项目\1002观众端\1002观众端\1002观众端\DEBUG\TCPKERNEL.OBJ
C:\USERS\LENOVO\DESKTOP\抖音总合\抖音项目\1002观众端\1002观众端\1002观众端\DEBUG\TCPNET.OBJ
C:\USERS\LENOVO\DESKTOP\抖音总合\抖音项目\1002观众端\1002观众端\1002观众端\DEBUG\1002观众端.OBJ
C:\USERS\LENOVO\DESKTOP\抖音总合\抖音项目\1002观众端\1002观众端\1002观众端\DEBUG\1002观众端DLG.OBJ
C:\USERS\LENOVO\DESKTOP\抖音总合\抖音项目\1002观众端\1002观众端\1002观众端\DEBUG\CWMPPLAYER4.OBJ
C:\USERS\LENOVO\DESKTOP\抖音总合\抖音项目\1002观众端\1002观众端\1002观众端\DEBUG\DLGMAIN.OBJ
C:\USERS\LENOVO\DESKTOP\抖音总合\抖音项目\1002观众端\1002观众端\1002观众端\DEBUG\TEXTDLG.OBJ
C:\USERS\LENOVO\DESKTOP\抖音总合\抖音项目\1002观众端\1002观众端\1002观众端\DEBUG\VIDEODLG.OBJ
C:\USERS\LENOVO\DESKTOP\抖音总合\抖音项目\1002观众端\1002观众端\DEBUG\1002观众端.ILK
C:\USERS\LENOVO\DESKTOP\抖音总合\抖音项目\1002观众端\1002观众端\DEBUG\1002观众端.EXE
C:\USERS\LENOVO\DESKTOP\抖音总合\抖音项目\1002观众端\1002观众端\DEBUG\1002观众端.PDB
C:\USERS\LENOVO\DESKTOP\抖音总合\抖音项目\1002观众端\1002观众端\1002观众端\DEBUG\1002观众端.RES
C:\Users\lenovo\Desktop\抖音总合\抖音项目\1002观众端\1002观众端\1002观众端\Debug\1002观众端.obj
C:\Users\lenovo\Desktop\抖音总合\抖音项目\1002观众端\1002观众端\1002观众端\Debug\1002观众端Dlg.obj
C:\Users\lenovo\Desktop\抖音总合\抖音项目\1002观众端\1002观众端\1002观众端\Debug\AudioEncode.obj
C:\Users\lenovo\Desktop\抖音总合\抖音项目\1002观众端\1002观众端\1002观众端\Debug\CollectAudio.obj
C:\Users\lenovo\Desktop\抖音总合\抖音项目\1002观众端\1002观众端\1002观众端\Debug\CollectCamera.obj
C:\Users\lenovo\Desktop\抖音总合\抖音项目\1002观众端\1002观众端\1002观众端\Debug\CWMPPlayer4.obj
C:\Users\lenovo\Desktop\抖音总合\抖音项目\1002观众端\1002观众端\1002观众端\Debug\DlgMain.obj
C:\Users\lenovo\Desktop\抖音总合\抖音项目\1002观众端\1002观众端\1002观众端\Debug\MyCollectDesktop.obj
C:\Users\lenovo\Desktop\抖音总合\抖音项目\1002观众端\1002观众端\1002观众端\Debug\MyEncode.obj
C:\Users\lenovo\Desktop\抖音总合\抖音项目\1002观众端\1002观众端\1002观众端\Debug\Myffmpeg.obj
C:\Users\lenovo\Desktop\抖音总合\抖音项目\1002观众端\1002观众端\1002观众端\Debug\stdafx.obj
C:\Users\lenovo\Desktop\抖音总合\抖音项目\1002观众端\1002观众端\1002观众端\Debug\TCPKernel.obj
C:\Users\lenovo\Desktop\抖音总合\抖音项目\1002观众端\1002观众端\1002观众端\Debug\TCPNet.obj
C:\Users\lenovo\Desktop\抖音总合\抖音项目\1002观众端\1002观众端\1002观众端\Debug\TextDlg.obj
C:\Users\lenovo\Desktop\抖音总合\抖音项目\1002观众端\1002观众端\1002观众端\Debug\VideoDlg.obj
C:\Users\lenovo\Desktop\抖音总合\抖音项目\1002观众端\1002观众端\1002观众端\Debug\wmp.tli
C:\Users\lenovo\Desktop\抖音总合\抖音项目\1002观众端\1002观众端\1002观众端\Debug\wmp.tlh
C:\Users\lenovo\Desktop\抖音总合\抖音项目\1002观众端\1002观众端\1002观众端\Debug\cl.command.1.tlog
C:\Users\lenovo\Desktop\抖音总合\抖音项目\1002观众端\1002观众端\1002观众端\Debug\CL.read.1.tlog
C:\Users\lenovo\Desktop\抖音总合\抖音项目\1002观众端\1002观众端\1002观众端\Debug\CL.write.1.tlog
C:\Users\lenovo\Desktop\抖音总合\抖音项目\1002观众端\1002观众端\1002观众端\Debug\link-cvtres.read.1.tlog
C:\Users\lenovo\Desktop\抖音总合\抖音项目\1002观众端\1002观众端\1002观众端\Debug\link-cvtres.write.1.tlog
C:\Users\lenovo\Desktop\抖音总合\抖音项目\1002观众端\1002观众端\1002观众端\Debug\link-mt.read.1.tlog
C:\Users\lenovo\Desktop\抖音总合\抖音项目\1002观众端\1002观众端\1002观众端\Debug\link-mt.write.1.tlog
C:\Users\lenovo\Desktop\抖音总合\抖音项目\1002观众端\1002观众端\1002观众端\Debug\link-rc.read.1.tlog
C:\Users\lenovo\Desktop\抖音总合\抖音项目\1002观众端\1002观众端\1002观众端\Debug\link-rc.write.1.tlog
C:\Users\lenovo\Desktop\抖音总合\抖音项目\1002观众端\1002观众端\1002观众端\Debug\link.command.1.tlog
C:\Users\lenovo\Desktop\抖音总合\抖音项目\1002观众端\1002观众端\1002观众端\Debug\link.read.1.tlog
C:\Users\lenovo\Desktop\抖音总合\抖音项目\1002观众端\1002观众端\1002观众端\Debug\link.write.1.tlog
C:\Users\lenovo\Desktop\抖音总合\抖音项目\1002观众端\1002观众端\1002观众端\Debug\rc.command.1.tlog
C:\Users\lenovo\Desktop\抖音总合\抖音项目\1002观众端\1002观众端\1002观众端\Debug\rc.read.1.tlog
C:\Users\lenovo\Desktop\抖音总合\抖音项目\1002观众端\1002观众端\1002观众端\Debug\rc.write.1.tlog
C:\Users\lenovo\Desktop\抖音总合\抖音项目\1002观众端\1002观众端\1002观众端\Debug\1002观众端.res
C:\Users\lenovo\Desktop\抖音总合\抖音项目\1002观众端\1002观众端\1002观众端\Debug\1002观众端.pch
C:\Users\lenovo\Desktop\抖音总合\抖音项目\1002观众端\1002观众端\1002观众端\Debug\vc110.idb
C:\Users\lenovo\Desktop\抖音总合\抖音项目\1002观众端\1002观众端\1002观众端\Debug\vc110.pdb
C:\Users\lenovo\Desktop\抖音总合\抖音项目\1002观众端\1002观众端\Debug\1002观众端.pdb
C:\Users\lenovo\Desktop\抖音总合\抖音项目\1002观众端\1002观众端\Debug\1002观众端.exe
C:\Users\lenovo\Desktop\抖音总合\抖音项目\1002观众端\1002观众端\Debug\1002观众端.ilk
